Array
(
)
Array
(
)
Array
(
)
Array
(
    [user_id] => 17
    [chama_id] => 41
)
Array
(
    [user_id] => 17
    [chama_id] => 41
)
Array
(
    [user_id] => 17
    [chama_id] => 41
)
Array
(
    [user_id] => 17
    [chama_id] => 41
)
Array
(
    [user_id] => 17
    [chama_id] => 41
)
Array
(
    [user_id] => 17
    [chama_id] => 41
)
Array
(
    [user_id] => 17
    [chama_id] => 41
)
Array
(
    [user_id] => 17
    [chama_id] => 41
)
Array
(
    [user_id] => 17
    [chama_id] => 41
)
Array
(
    [user_id] => 17
    [chama_id] => 41
)
Array
(
    [user_id] => 17
    [chama_id] => 41
    [year] => 2015
)
Array
(
    [user_id] => 17
    [chama_id] => 41
    [year] => 2015
    [target_user] => 17
)
Array
(
    [user_id] => 17
    [chama_id] => 41
    [year] => 2015
    [target_user] => 7
)
Array
(
    [user_id] => 5
    [chama_id] => 41
    [year] => 2015
    [target_user] => 7
)
Array
(
    [user_id] => 5
    [chama_id] => 41
    [year] => 2015
    [target_user] => 7
)
Array
(
    [user_id] => 5
    [chama_id] => 41
    [year] => 2015
    [target_user] => 7
)
Array
(
    [user_id] => 5
    [chama_id] => 41
    [year] => 2015
    [target_user] => 7
    [month] => 1
)
Array
(
    [user_id] => 5
    [chama_id] => 41
    [year] => 2015
    [target_user] => 7
    [month] => 1
)
Array
(
    [user_id] => 5
    [chama_id] => 41
    [year] => 2015
    [target_user] => 7
    [month] => 1
)
Array
(
    [user_id] => 5
    [chama_id] => 41
    [year] => 2015
    [target_user] => 7
    [month] => 1
)
Array
(
    [user_id] => 5
    [chama_id] => 41
    [year] => 2015
    [target_user] => 7
    [month] => 1
)
